original_num_embeddings: 2048
original_embed_positions: torch.Size([2050, 1024])
[2026-06-09 13:31:05,276] [INFO] [real_accelerator.py:191:get_accelerator] Setting ds_accelerator to cuda (auto detect)
before forward allocaiton: 649.89208984375, peak memory: 649.89208984375, reserve: 670.0
after forward allocaiton: 12679.33642578125, peak memory: 13464.78955078125, reserve: 13522.0
before backward allocaiton: 9572.43017578125, peak memory: 12679.33642578125, reserve: 13522.0
after backward allocaiton: 672.142578125, peak memory: 11143.146484375, reserve: 13522.0
before step allocaiton: 672.14306640625, peak memory: 672.1455078125, reserve: 13522.0
after step allocaiton: 684.14306640625, peak memory: 690.14306640625, reserve: 13522.0
{'loss': 6.8691, 'grad_norm': 4.084296703338623, 'learning_rate': 1.0000000000000002e-06, 'epoch': 0.0}
before forward allocaiton: 678.14306640625, peak memory: 684.14306640625, reserve: 13522.0
after forward allocaiton: 12699.46240234375, peak memory: 13484.91552734375, reserve: 13534.0
before backward allocaiton: 9592.55615234375, peak memory: 12699.46240234375, reserve: 13534.0
after backward allocaiton: 684.1435546875, peak memory: 11163.2724609375, reserve: 13534.0
before step allocaiton: 684.14306640625, peak memory: 684.14599609375, reserve: 13534.0
after step allocaiton: 684.14306640625, peak memory: 690.14306640625, reserve: 13534.0
{'loss': 6.8237, 'grad_norm': 6.5379791259765625, 'learning_rate': 2.0000000000000003e-06, 'epoch': 0.0}
before forward allocaiton: 678.14306640625, peak memory: 684.14306640625, reserve: 13534.0
after forward allocaiton: 12699.46240234375, peak memory: 13484.91552734375, reserve: 13534.0
before backward allocaiton: 9592.55615234375, peak memory: 12699.46240234375, reserve: 13534.0
after backward allocaiton: 684.1435546875, peak memory: 11163.2724609375, reserve: 13534.0
before step allocaiton: 684.14306640625, peak memory: 684.14599609375, reserve: 13534.0
after step allocaiton: 684.14306640625, peak memory: 690.14306640625, reserve: 13534.0
{'loss': 5.657, 'grad_norm': 5.383647918701172, 'learning_rate': 3e-06, 'epoch': 0.0}
before forward allocaiton: 678.14306640625, peak memory: 684.14306640625, reserve: 13534.0
after forward allocaiton: 12699.46240234375, peak memory: 13484.91552734375, reserve: 13534.0
before backward allocaiton: 9592.55615234375, peak memory: 12699.46240234375, reserve: 13534.0
after backward allocaiton: 684.1435546875, peak memory: 11163.2724609375, reserve: 13534.0
before step allocaiton: 684.14306640625, peak memory: 684.14599609375, reserve: 13534.0
after step allocaiton: 684.14306640625, peak memory: 690.14306640625, reserve: 13534.0
