/venv/jenga/lib/python3.10/site-packages/torch/cuda/__init__.py:51: FutureWarning: The pynvml package is deprecated. Please install nvidia-ml-py instead. If you did not install pynvml directly, please report this to the maintainers of the package that installed pynvml for you.
  import pynvml  # type: ignore[import]
[cache] building cache: model=checkpoints/opt-1.3b seq_len=2048 n_docs=4
/venv/jenga/lib/python3.10/site-packages/torch/_utils.py:831: UserWarning: TypedStorage is deprecated. It will be removed in the future and UntypedStorage will be the only storage class. This should only matter to you if you are using storages directly.  To access UntypedStorage directly, use tensor.untyped_storage() instead of tensor.storage()
  return self.fget.__get__(instance, owner)()
/venv/jenga/lib/python3.10/site-packages/transformers/generation/configuration_utils.py:777: UserWarning: `return_dict_in_generate` is NOT set to `True`, but `output_attentions` is. When `return_dict_in_generate` is not `True`, `output_attentions` is ignored.
  warnings.warn(
[cache] target layers (every other of 24): [0, 2, 4, 6, 8, 10, 12, 14, 16, 18, 20, 22]
[cache] collected 4 long documents
[cache] doc 1/4 processed
[cache] doc 2/4 processed
[cache] doc 3/4 processed
[cache] doc 4/4 processed
[cache] saving H=(48, 2048, 2048) A=(48, 32, 32) -> logs/extensions/cnn_predictor/cache/cache_seqlen2048_n4.pt
[train mlp seed=0] epoch 1/200 mse=150020.042887
[train mlp seed=0] epoch 10/200 mse=18144.379339
[train mlp seed=0] epoch 20/200 mse=17832.978887
[train mlp seed=0] epoch 30/200 mse=13914.901606
[train mlp seed=0] epoch 40/200 mse=16864.742167
[train mlp seed=0] epoch 50/200 mse=12857.367432
[train mlp seed=0] epoch 60/200 mse=10050.019257
[train mlp seed=0] epoch 70/200 mse=19903.051036
[train mlp seed=0] epoch 80/200 mse=9702.437632
[train mlp seed=0] epoch 90/200 mse=3621.047953
[train mlp seed=0] epoch 100/200 mse=1962.971930
[train mlp seed=0] epoch 110/200 mse=2154.164622
[train mlp seed=0] epoch 120/200 mse=1400.047944
[train mlp seed=0] epoch 130/200 mse=2598.332968
[train mlp seed=0] epoch 140/200 mse=1851.356691
[train mlp seed=0] epoch 150/200 mse=739.606619
[train mlp seed=0] epoch 160/200 mse=1058.980628
[train mlp seed=0] epoch 170/200 mse=879.933101
[train mlp seed=0] epoch 180/200 mse=592.563331
[train mlp seed=0] epoch 190/200 mse=933.697295
[train mlp seed=0] epoch 200/200 mse=1280.336348
[done] mlp seed=0 epochs=200 elapsed=35.3s
[train mlp seed=1] epoch 1/200 mse=43651.392924
[train mlp seed=1] epoch 10/200 mse=21956.302155
[train mlp seed=1] epoch 20/200 mse=23829.589671
[train mlp seed=1] epoch 30/200 mse=12914.384916
[train mlp seed=1] epoch 40/200 mse=5243.783796
[train mlp seed=1] epoch 50/200 mse=3164.845846
[train mlp seed=1] epoch 60/200 mse=10882.523183
[train mlp seed=1] epoch 70/200 mse=72862.725047
[train mlp seed=1] epoch 80/200 mse=3073.959251
[train mlp seed=1] epoch 90/200 mse=2033.307410
[train mlp seed=1] epoch 100/200 mse=1834.775633
[train mlp seed=1] epoch 110/200 mse=776.840028
[train mlp seed=1] epoch 120/200 mse=1406.596332
[train mlp seed=1] epoch 130/200 mse=958.166982
[train mlp seed=1] epoch 140/200 mse=1229.444268
[train mlp seed=1] epoch 150/200 mse=988.447220
[train mlp seed=1] epoch 160/200 mse=1009.206267
[train mlp seed=1] epoch 170/200 mse=847.435345
[train mlp seed=1] epoch 180/200 mse=863.890182
[train mlp seed=1] epoch 190/200 mse=1606.822496
[train mlp seed=1] epoch 200/200 mse=567960.577647
[done] mlp seed=1 epochs=200 elapsed=34.9s
[train mlp seed=2] epoch 1/200 mse=1998576.639303
[train mlp seed=2] epoch 10/200 mse=17827.546260
[train mlp seed=2] epoch 20/200 mse=17597.619263
[train mlp seed=2] epoch 30/200 mse=16526.720393
[train mlp seed=2] epoch 40/200 mse=15805.051183
[train mlp seed=2] epoch 50/200 mse=13665.845182
[train mlp seed=2] epoch 60/200 mse=11694.030884
[train mlp seed=2] epoch 70/200 mse=8675.027479
[train mlp seed=2] epoch 80/200 mse=5802.274144
[train mlp seed=2] epoch 90/200 mse=4089.740765
[train mlp seed=2] epoch 100/200 mse=2387.998211
[train mlp seed=2] epoch 110/200 mse=55072.959920
[train mlp seed=2] epoch 120/200 mse=20676.706289
[train mlp seed=2] epoch 130/200 mse=17224.470896
[train mlp seed=2] epoch 140/200 mse=16375.896261
[train mlp seed=2] epoch 150/200 mse=15387.776733
[train mlp seed=2] epoch 160/200 mse=14866.736465
[train mlp seed=2] epoch 170/200 mse=13780.364138
[train mlp seed=2] epoch 180/200 mse=13024.936742
[train mlp seed=2] epoch 190/200 mse=11741.167750
[train mlp seed=2] epoch 200/200 mse=9605.590619
[done] mlp seed=2 epochs=200 elapsed=34.8s
[train cnn seed=0] epoch 1/200 mse=1007868.063700
[train cnn seed=0] epoch 10/200 mse=16878.600611
[train cnn seed=0] epoch 20/200 mse=15899.156077
[train cnn seed=0] epoch 30/200 mse=14668.276469
[train cnn seed=0] epoch 40/200 mse=10595.583878
[train cnn seed=0] epoch 50/200 mse=7552.682203
[train cnn seed=0] epoch 60/200 mse=5140.933098
[train cnn seed=0] epoch 70/200 mse=3227.254712
[train cnn seed=0] epoch 80/200 mse=2765.996259
[train cnn seed=0] epoch 90/200 mse=1719.008434
[train cnn seed=0] epoch 100/200 mse=3515.748367
[train cnn seed=0] epoch 110/200 mse=321362105.752848
[train cnn seed=0] epoch 120/200 mse=614477.697591
[train cnn seed=0] epoch 130/200 mse=260788.386068
[train cnn seed=0] epoch 140/200 mse=165104.573730
[train cnn seed=0] epoch 150/200 mse=106624.714478
[train cnn seed=0] epoch 160/200 mse=89654.588562
[train cnn seed=0] epoch 170/200 mse=110761.627726
[train cnn seed=0] epoch 180/200 mse=79472.870341
[train cnn seed=0] epoch 190/200 mse=179360.405904
[train cnn seed=0] epoch 200/200 mse=29774.224101
[done] cnn seed=0 epochs=200 elapsed=42.7s
[train cnn seed=1] epoch 1/200 mse=101220.804362
[train cnn seed=1] epoch 10/200 mse=20733.121226
[train cnn seed=1] epoch 20/200 mse=14965.747899
[train cnn seed=1] epoch 30/200 mse=8199.037928
[train cnn seed=1] epoch 40/200 mse=143173.000854
[train cnn seed=1] epoch 50/200 mse=19062.882823
[train cnn seed=1] epoch 60/200 mse=16861.130753
[train cnn seed=1] epoch 70/200 mse=13906.512543
[train cnn seed=1] epoch 80/200 mse=12013.698214
[train cnn seed=1] epoch 90/200 mse=9999.483353
[train cnn seed=1] epoch 100/200 mse=9047.309176
[train cnn seed=1] epoch 110/200 mse=7893.431580
[train cnn seed=1] epoch 120/200 mse=6366.193802
[train cnn seed=1] epoch 130/200 mse=5395.229736
[train cnn seed=1] epoch 140/200 mse=4344.417389
[train cnn seed=1] epoch 150/200 mse=3984.365789
[train cnn seed=1] epoch 160/200 mse=3509.156924
[train cnn seed=1] epoch 170/200 mse=187812.594523
[train cnn seed=1] epoch 180/200 mse=5742959400.180217
[train cnn seed=1] epoch 190/200 mse=5675610.074544
[train cnn seed=1] epoch 200/200 mse=1880759.917806
[done] cnn seed=1 epochs=200 elapsed=43.4s
[train cnn seed=2] epoch 1/200 mse=17429229.768351
[train cnn seed=2] epoch 10/200 mse=20411.294968
[train cnn seed=2] epoch 20/200 mse=17130.927394
[train cnn seed=2] epoch 30/200 mse=17136.439392
[train cnn seed=2] epoch 40/200 mse=15537.075554
[train cnn seed=2] epoch 50/200 mse=14424.906843
[train cnn seed=2] epoch 60/200 mse=12520.926095
[train cnn seed=2] epoch 70/200 mse=10137.444932
[train cnn seed=2] epoch 80/200 mse=6318.256480
[train cnn seed=2] epoch 90/200 mse=4224.666017
[train cnn seed=2] epoch 100/200 mse=3557.579361
[train cnn seed=2] epoch 110/200 mse=2051.854783
[train cnn seed=2] epoch 120/200 mse=1701.325279
[train cnn seed=2] epoch 130/200 mse=1471.494274
[train cnn seed=2] epoch 140/200 mse=1181.895793
[train cnn seed=2] epoch 150/200 mse=1082.103797
[train cnn seed=2] epoch 160/200 mse=2225.959155
[train cnn seed=2] epoch 170/200 mse=945.334164
[train cnn seed=2] epoch 180/200 mse=3910.641773
[train cnn seed=2] epoch 190/200 mse=10206109.172119
[train cnn seed=2] epoch 200/200 mse=694756.030192
[done] cnn seed=2 epochs=200 elapsed=43.3s
[done] wrote logs/extensions/cnn_predictor/loss.csv
wrote output_figures/extensions/cnn_predictor/loss_curve.pdf
